Mplus VERSION 5.1
MUTHEN & MUTHEN
10/25/2009   3:49 PM

INPUT INSTRUCTIONS

  TITLE: !section that appears in header of output file
  Chapter 9 - Mplus Estimation, simulated data set.
  Example #4
  Full LCDM applied to seven item, three attribute data set.
  Log-linear structural model without 3-way interaction.

  DATA:!location of free format data file (in syntax file folder);
      FILE IS ch9data.dat;

  VARIABLE:
      NAMES = x1-x7 truec; !list of variables in input file
      USEVARIABLE = x1-x7; !use only variables x1 through x7
      CATEGORICAL = x1-x7; !variables x1 through x7 are categorical (binary)
      CLASSES = c(8); !8 possible attribute patterns for 3 attribute model;

  ANALYSIS:
      TYPE=MIXTURE;  !estimates latent classes;
      STARTS=0; !turn off multiple random start feature (disabled anyway);

  MODEL:

  %OVERALL%
  [C#1] (m1); !latent variable mean for attribute pattern [0,0,0];
  [C#2] (m2); !latent variable mean for attribute pattern [0,0,1];
  [C#3] (m3); !latent variable mean for attribute pattern [0,1,0];
  [C#4] (m4); !latent variable mean for attribute pattern [0,1,1];
  [C#5] (m5); !latent variable mean for attribute pattern [1,0,0];
  [C#6] (m6); !latent variable mean for attribute pattern [1,0,1];
  [C#7] (m7); !latent variable mean for attribute pattern [1,1,0];

  %c#1% !for attribute pattern [0,0,0];
  [x1$1] (t1_1); !threshold for item 1 LCDM kernel 1
  [x2$1] (t2_1); !threshold for item 2 LCDM kernel 1
  [x3$1] (t3_1); !threshold for item 3 LCDM kernel 1
  [x4$1] (t4_1); !threshold for item 4 LCDM kernel 1
  [x5$1] (t5_1); !threshold for item 5 LCDM kernel 1
  [x6$1] (t6_1); !threshold for item 6 LCDM kernel 1
  [x7$1] (t7_1); !threshold for item 7 LCDM kernel 1

  %c#2% !for attribute pattern [0,0,1];
  [x1$1] (t1_1); !threshold for item 1 LCDM kernel 1
  [x2$1] (t2_1); !threshold for item 2 LCDM kernel 1
  [x3$1] (t3_2); !threshold for item 3 LCDM kernel 2
  [x4$1] (t4_1); !threshold for item 4 LCDM kernel 1
  [x5$1] (t5_2); !threshold for item 5 LCDM kernel 2
  [x6$1] (t6_2); !threshold for item 6 LCDM kernel 2
  [x7$1] (t7_2); !threshold for item 7 LCDM kernel 2

  %c#3% !for attribute pattern [0,1,0];
  [x1$1] (t1_1); !threshold for item 1 LCDM kernel 1
  [x2$1] (t2_2); !threshold for item 2 LCDM kernel 2
  [x3$1] (t3_1); !threshold for item 3 LCDM kernel 1
  [x4$1] (t4_2); !threshold for item 4 LCDM kernel 2
  [x5$1] (t5_1); !threshold for item 5 LCDM kernel 1
  [x6$1] (t6_3); !threshold for item 6 LCDM kernel 3
  [x7$1] (t7_3); !threshold for item 7 LCDM kernel 3

  %c#4% !for attribute pattern [0,1,1];
  [x1$1] (t1_1); !threshold for item 1 LCDM kernel 1
  [x2$1] (t2_2); !threshold for item 2 LCDM kernel 2
  [x3$1] (t3_2); !threshold for item 3 LCDM kernel 2
  [x4$1] (t4_2); !threshold for item 4 LCDM kernel 2
  [x5$1] (t5_2); !threshold for item 5 LCDM kernel 2
  [x6$1] (t6_4); !threshold for item 6 LCDM kernel 4
  [x7$1] (t7_4); !threshold for item 7 LCDM kernel 4

  %c#5% !for attribute pattern [1,0,0];
  [x1$1] (t1_2); !threshold for item 1 LCDM kernel 2
  [x2$1] (t2_1); !threshold for item 2 LCDM kernel 1
  [x3$1] (t3_1); !threshold for item 3 LCDM kernel 1
  [x4$1] (t4_3); !threshold for item 4 LCDM kernel 3
  [x5$1] (t5_3); !threshold for item 5 LCDM kernel 3
  [x6$1] (t6_1); !threshold for item 6 LCDM kernel 1
  [x7$1] (t7_5); !threshold for item 7 LCDM kernel 5

  %c#6% !for attribute pattern [1,0,1];
  [x1$1] (t1_2); !threshold for item 1 LCDM kernel 2
  [x2$1] (t2_1); !threshold for item 2 LCDM kernel 1
  [x3$1] (t3_2); !threshold for item 3 LCDM kernel 2
  [x4$1] (t4_3); !threshold for item 4 LCDM kernel 3
  [x5$1] (t5_4); !threshold for item 5 LCDM kernel 4
  [x6$1] (t6_2); !threshold for item 6 LCDM kernel 2
  [x7$1] (t7_6); !threshold for item 7 LCDM kernel 6

  %c#7% !for attribute pattern [1,1,0];
  [x1$1] (t1_2); !threshold for item 1 LCDM kernel 2
  [x2$1] (t2_2); !threshold for item 2 LCDM kernel 2
  [x3$1] (t3_1); !threshold for item 3 LCDM kernel 1
  [x4$1] (t4_4); !threshold for item 4 LCDM kernel 4
  [x5$1] (t5_3); !threshold for item 5 LCDM kernel 3
  [x6$1] (t6_3); !threshold for item 6 LCDM kernel 3
  [x7$1] (t7_7); !threshold for item 7 LCDM kernel 7

  %c#8% !for attribute pattern [1,1,1];
  [x1$1] (t1_2); !threshold for item 1 LCDM kernel 2
  [x2$1] (t2_2); !threshold for item 2 LCDM kernel 2
  [x3$1] (t3_2); !threshold for item 3 LCDM kernel 2
  [x4$1] (t4_4); !threshold for item 4 LCDM kernel 4
  [x5$1] (t5_4); !threshold for item 5 LCDM kernel 4
  [x6$1] (t6_4); !threshold for item 6 LCDM kernel 4
  [x7$1] (t7_8); !threshold for item 7 LCDM kernel 8


  MODEL CONSTRAINT: !used to define LCDM parameters and constraints
  !NOTE: Mplus uses P(X=0) rather than P(X=1) so terms must be multiplied by -1

  !STRUCTURAL MODEL:
  NEW(g_0 g_11 g_12 g_13 g_212 g_213 g_223);
  m1=-(g_11+g_12+g_13+g_212+g_213+g_223);
  m2=g_13-(g_11+g_12+g_13+g_212+g_213+g_223);
  m3=g_12-(g_11+g_12+g_13+g_212+g_213+g_223);
  m4=g_12+g_13+g_223-(g_11+g_12+g_13+g_212+g_213+g_223);
  m5=g_11-(g_11+g_12+g_13+g_212+g_213+g_223);
  m6=g_11+g_13+g_213-(g_11+g_12+g_13+g_212+g_213+g_223);
  m7=g_11+g_12+g_212-(g_11+g_12+g_13+g_212+g_213+g_223);
  g_0=-(g_11+g_12+g_13+g_212+g_213+g_223);

  !ITEM 1:
  !Q-matrix Entry [1 0 0]
  !One attibute measured: 1 intercept; 1 main effect
  NEW(l1_0 l1_11);    !define LCDM parameters present for item 1
  t1_1=-(l1_0);       !set equal to intercept by LCDM kernel
  t1_2=-(l1_0+l1_11); !set equal to intercept plus main effect for attribute 1
  l1_11>0;            !make sure main effect is positive (higher probability for mastering a

  !ITEM 2:
  !Q-matrix Entry [0 1 0]
  !One attibute measured: 1 intercept; 1 main effect
  NEW(l2_0 l2_12);    !define LCDM parameters present for item 2
  t2_1=-(l2_0);
  t2_2=-(l2_0+l2_12);
  l2_12>0;            !the order constraints necessary for the main effect

  !ITEM 3:
  !Q-matrix Entry [0 0 1]
  !One attibute measured: 1 intercept; 1 main effect
  NEW(l3_0 l3_13);    !define LCDM parameters present for item 3
  t3_1=-(l3_0);
  t3_2=-(l3_0+l3_13);
  l3_13>0;            !the order constraints necessary for the main effect

  !ITEM 4:
  !Q-matrix Entry [1 1 0]
  !two attibutes measured: 1 intercept; 2 main effects; 1 two-way interaction
  NEW(l4_0 l4_11 l4_12 l4_212);       !define LCDM parameters present for item 4
  t4_1=-(l4_0);
  t4_2=-(l4_0+l4_11);
  t4_3=-(l4_0+l4_12);
  t4_4=-(l4_0+l4_11+l4_12+l4_212);
  l4_11>0;                            !the order constraints necessary for the main effects
  l4_12>0;
  l4_212>-l4_11;                      !the order constraints necessary for the interaction
  l4_212>-l4_12;

  !ITEM 5:
  !Q-matrix Entry [1 0 1]
  !two attibutes measured: 1 intercept; 2 main effects; 1 two-way interaction
  NEW(l5_0 l5_11 l5_13 l5_213);       !define LCDM parameters present for item 5
  t5_1=-(l5_0);
  t5_2=-(l5_0+l5_11);
  t5_3=-(l5_0+l5_13);
  t5_4=-(l5_0+l5_11+l5_13+l5_213);
  l5_11>0;                            !the order constraints necessary for the main effects
  l5_13>0;
  l5_213>-l5_11;                      !the order constraints for the two-way interaction
  l5_213>-l5_13;

  !ITEM 6:
  !Q-matrix Entry [0 1 1]
  !two attibutes measured: 1 intercept; 2 main effects; 1 two-way interaction
  NEW(l6_0 l6_12 l6_13 l6_223);       !define LCDM parameters present for item 6
  t6_1=-(l6_0);
  t6_2=-(l6_0+l6_12);
  t6_3=-(l6_0+l6_13);
  t6_4=-(l6_0+l6_12+l6_13+l6_223);
  l6_12>0;
  l6_13>0;
  l6_223>-l6_12;                      !the order constraints for the two-way interaction
  l6_223>-l6_13;

  !ITEM 7:
  !Q-matrix Entry [1 1 1]
  !two attibutes measured: 1 intercept; 3 main effects; 3 two-way interactions; 1 three-way
  NEW(l7_0 l7_11 l7_12 l7_13 l7_212 l7_213 l7_223 l7_3123);   !define LCDM parameters presen
  t7_1=-(l7_0);
  t7_2=-(l7_0+l7_13);
  t7_3=-(l7_0+l7_12);
  t7_4=-(l7_0+l7_12+l7_13+l7_223);
  t7_5=-(l7_0+l7_11);
  t7_6=-(l7_0+l7_11+l7_13+l7_213);
  t7_7=-(l7_0+l7_11+l7_12+l7_212);
  t7_8=-(l7_0+l7_11+l7_12+l7_13+l7_212+l7_213+l7_223+l7_3123);
  l7_11>0;                                                    !the order constraints necessa
  l7_12>0;
  l7_13>0;
  l7_212>-l7_11;                                              !the order constraints for the
  l7_212>-l7_12;
  l7_213>-l7_11;
  l7_213>-l7_13;
  l7_223>-l7_12;
  l7_223>-l7_13;
  l7_3123>-(l7_223+l7_213+l7_13);                             !the order constraints for the
  l7_3123>-(l7_223+l7_212+l7_12);
  l7_3123>-(l7_213+l7_212+l7_11);

  OUTPUT:
      TECH10; !request additional model fit statistics be reported

  SAVEDATA:
      FORMAT IS f10.5;             !format for output file
      FILE IS respondent_ex9.2.dat; !print attribute estimates for respondents in file liste
      SAVE = CPROBABILITIES;       !instruct Mplus to save posterior probabilities of class



*** WARNING
  Input line exceeded 90 characters. Some input may be truncated.
  l1_11>0;            !make sure main effect is positive (higher probability for mastering
*** WARNING
  Input line exceeded 90 characters. Some input may be truncated.
  !two attibutes measured: 1 intercept; 3 main effects; 3 two-way interactions; 1 three-wa
*** WARNING
  Input line exceeded 90 characters. Some input may be truncated.
  NEW(l7_0 l7_11 l7_12 l7_13 l7_212 l7_213 l7_223 l7_3123);   !define LCDM parameters pres
*** WARNING
  Input line exceeded 90 characters. Some input may be truncated.
  l7_11>0;                                                    !the order constraints neces
*** WARNING
  Input line exceeded 90 characters. Some input may be truncated.
      FILE IS respondent_ex9.2.dat; !print attribute estimates for respondents in file lis
*** WARNING
  Input line exceeded 90 characters. Some input may be truncated.
      SAVE = CPROBABILITIES;       !instruct Mplus to save posterior probabilities of clas
   6 WARNING(S) FOUND IN THE INPUT INSTRUCTIONS




Chapter 9 - Mplus Estimation, simulated data set.
Example #4
Full LCDM applied to seven item, three attribute data set.
Log-linear structural model without 3-way interaction.

SUMMARY OF ANALYSIS

Number of groups                                                 1
Number of observations                                       10000

Number of dependent variables                                    7
Number of independent variables                                  0
Number of continuous latent variables                            0
Number of categorical latent variables                           1

Observed dependent variables

  Binary and ordered categorical (ordinal)
   X1          X2          X3          X4          X5          X6
   X7

Categorical latent variables
   C


Estimator                                                      MLR
Information matrix                                        OBSERVED
Optimization Specifications for the Quasi-Newton Algorithm for
Continuous Outcomes
  Maximum number of iterations                                 100
  Convergence criterion                                  0.100D-05
Optimization Specifications for the EM Algorithm
  Maximum number of iterations                                 500
  Convergence criteria
    Loglikelihood change                                 0.100D-06
    Relative loglikelihood change                        0.100D-06
    Derivative                                           0.100D-05
Optimization Specifications for the M step of the EM Algorithm for
Categorical Latent variables
  Number of M step iterations                                    1
  M step convergence criterion                           0.100D-05
  Basis for M step termination                           ITERATION
Optimization Specifications for the M step of the EM Algorithm for
Censored, Binary or Ordered Categorical (Ordinal), Unordered
Categorical (Nominal) and Count Outcomes
  Number of M step iterations                                    1
  M step convergence criterion                           0.100D-05
  Basis for M step termination                           ITERATION
  Maximum value for logit thresholds                            15
  Minimum value for logit thresholds                           -15
  Minimum expected cell size for chi-square              0.100D-01
Optimization algorithm                                         EMA
Link                                                         LOGIT

Input data file(s)
  ch9data.dat
Input data format  FREE


SUMMARY OF CATEGORICAL DATA PROPORTIONS

    X1
      Category 1    0.501
      Category 2    0.499
    X2
      Category 1    0.496
      Category 2    0.503
    X3
      Category 1    0.504
      Category 2    0.496
    X4
      Category 1    0.547
      Category 2    0.453
    X5
      Category 1    0.547
      Category 2    0.453
    X6
      Category 1    0.542
      Category 2    0.458
    X7
      Category 1    0.497
      Category 2    0.503



THE MODEL ESTIMATION TERMINATED NORMALLY



TESTS OF MODEL FIT

Loglikelihood

          H0 Value                      -42871.222
          H0 Scaling Correction Factor       1.008
            for MLR

Information Criteria

          Number of Free Parameters             32
          Akaike (AIC)                   85806.444
          Bayesian (BIC)                 86037.175
          Sample-Size Adjusted BIC       85935.483
            (n* = (n + 2) / 24)

Chi-Square Test of Model Fit for the Binary and Ordered Categorical
(Ordinal) Outcomes

          Pearson Chi-Square

          Value                            102.657
          Degrees of Freedom                    95
          P-Value                           0.2778

          Likelihood Ratio Chi-Square

          Value                            104.812
          Degrees of Freedom                    95
          P-Value                           0.2307



FINAL CLASS COUNTS AND PROPORTIONS FOR THE LATENT CLASSES
BASED ON THE ESTIMATED MODEL

    Latent
   Classes

       1       2358.15887          0.23582
       2        799.06614          0.07991
       3       1040.58931          0.10406
       4        884.78914          0.08848
       5        902.66517          0.09027
       6        882.19721          0.08822
       7        907.35203          0.09074
       8       2225.18213          0.22252


FINAL CLASS COUNTS AND PROPORTIONS FOR THE LATENT CLASS PATTERNS
BASED ON ESTIMATED POSTERIOR PROBABILITIES

    Latent
   Classes

       1       2361.22447          0.23612
       2        796.00013          0.07960
       3       1037.52392          0.10375
       4        887.85507          0.08879
       5        899.59987          0.08996
       6        885.26255          0.08853
       7        910.41792          0.09104
       8       2222.11608          0.22221


CLASSIFICATION QUALITY

     Entropy                         0.538


CLASSIFICATION OF INDIVIDUALS BASED ON THEIR MOST LIKELY LATENT CLASS MEMBERSHIP

Class Counts and Proportions

    Latent
   Classes

       1             3111          0.31110
       2              438          0.04380
       3              859          0.08590
       4              743          0.07430
       5              704          0.07040
       6              852          0.08520
       7              770          0.07700
       8             2523          0.25230


Average Latent Class Probabilities for Most Likely Latent Class Membership (Row)
by Latent Class (Column)

           1        2        3        4        5        6        7        8

    1   0.662    0.101    0.126    0.003    0.101    0.003    0.003    0.000
    2   0.179    0.538    0.068    0.055    0.068    0.086    0.003    0.002
    3   0.117    0.083    0.503    0.107    0.086    0.009    0.087    0.006
    4   0.005    0.070    0.078    0.644    0.009    0.044    0.044    0.106
    5   0.155    0.095    0.069    0.009    0.484    0.112    0.071    0.004
    6   0.005    0.054    0.010    0.067    0.085    0.602    0.075    0.101
    7   0.004    0.006    0.079    0.074    0.071    0.034    0.641    0.090
    8   0.000    0.002    0.003    0.064    0.002    0.071    0.073    0.784


MODEL RESULTS

                                                    Two-Tailed
                    Estimate       S.E.  Est./S.E.    P-Value

Latent Class 1

 Thresholds
    X1$1               0.923      0.053     17.518      0.000
    X2$1               1.023      0.067     15.186      0.000
    X3$1               0.984      0.057     17.329      0.000
    X4$1               2.483      0.157     15.819      0.000
    X5$1               2.275      0.123     18.518      0.000
    X6$1               2.586      0.179     14.455      0.000
    X7$1               3.821      0.545      7.008      0.000

Latent Class 2

 Thresholds
    X1$1               0.923      0.053     17.518      0.000
    X2$1               1.023      0.067     15.186      0.000
    X3$1              -1.047      0.056    -18.799      0.000
    X4$1               2.483      0.157     15.819      0.000
    X5$1               0.543      0.130      4.183      0.000
    X6$1               0.470      0.128      3.676      0.000
    X7$1               1.585      0.312      5.085      0.000

Latent Class 3

 Thresholds
    X1$1               0.923      0.053     17.518      0.000
    X2$1              -1.031      0.050    -20.494      0.000
    X3$1               0.984      0.057     17.329      0.000
    X4$1               0.589      0.127      4.629      0.000
    X5$1               2.275      0.123     18.518      0.000
    X6$1               0.409      0.123      3.332      0.001
    X7$1               1.524      0.307      4.957      0.000

Latent Class 4

 Thresholds
    X1$1               0.923      0.053     17.518      0.000
    X2$1              -1.031      0.050    -20.494      0.000
    X3$1              -1.047      0.056    -18.799      0.000
    X4$1               0.589      0.127      4.629      0.000
    X5$1               0.543      0.130      4.183      0.000
    X6$1              -2.770      0.214    -12.921      0.000
    X7$1              -1.572      0.257     -6.111      0.000

Latent Class 5

 Thresholds
    X1$1              -0.953      0.050    -19.091      0.000
    X2$1               1.023      0.067     15.186      0.000
    X3$1               0.984      0.057     17.329      0.000
    X4$1               0.403      0.114      3.543      0.000
    X5$1               0.468      0.119      3.936      0.000
    X6$1               2.586      0.179     14.455      0.000
    X7$1               1.187      0.253      4.700      0.000

Latent Class 6

 Thresholds
    X1$1              -0.953      0.050    -19.091      0.000
    X2$1               1.023      0.067     15.186      0.000
    X3$1              -1.047      0.056    -18.799      0.000
    X4$1               0.403      0.114      3.543      0.000
    X5$1              -2.604      0.201    -12.981      0.000
    X6$1               0.470      0.128      3.676      0.000
    X7$1              -1.685      0.278     -6.070      0.000

Latent Class 7

 Thresholds
    X1$1              -0.953      0.050    -19.091      0.000
    X2$1              -1.031      0.050    -20.494      0.000
    X3$1               0.984      0.057     17.329      0.000
    X4$1              -2.441      0.170    -14.344      0.000
    X5$1               0.468      0.119      3.936      0.000
    X6$1               0.409      0.123      3.332      0.001
    X7$1              -1.820      0.303     -6.002      0.000

Latent Class 8

 Thresholds
    X1$1              -0.953      0.050    -19.091      0.000
    X2$1              -1.031      0.050    -20.494      0.000
    X3$1              -1.047      0.056    -18.799      0.000
    X4$1              -2.441      0.170    -14.344      0.000
    X5$1              -2.604      0.201    -12.981      0.000
    X6$1              -2.770      0.214    -12.921      0.000
    X7$1              -4.096      0.385    -10.644      0.000

Categorical Latent Variables

 Means
    C#1                0.058      0.076      0.767      0.443
    C#2               -1.024      0.130     -7.862      0.000
    C#3               -0.760      0.110     -6.931      0.000
    C#4               -0.922      0.099     -9.288      0.000
    C#5               -0.902      0.126     -7.142      0.000
    C#6               -0.925      0.095     -9.755      0.000
    C#7               -0.897      0.092     -9.791      0.000

 New/Additional Parameters
    G_0                0.058      0.076      0.767      0.443
    G_11              -0.960      0.110     -8.701      0.000
    G_12              -0.818      0.113     -7.232      0.000
    G_13              -1.082      0.126     -8.581      0.000
    G_212              0.823      0.143      5.742      0.000
    G_213              1.059      0.137      7.716      0.000
    G_223              0.920      0.146      6.299      0.000
    L1_0              -0.923      0.053    -17.518      0.000
    L1_11              1.876      0.071     26.324      0.000
    L2_0              -1.023      0.067    -15.186      0.000
    L2_12              2.054      0.082     24.958      0.000
    L3_0              -0.984      0.057    -17.329      0.000
    L3_13              2.031      0.076     26.554      0.000
    L4_0              -2.483      0.157    -15.819      0.000
    L4_11              1.895      0.216      8.780      0.000
    L4_12              2.081      0.208     10.011      0.000
    L4_212             0.949      0.321      2.958      0.003
    L5_0              -2.275      0.123    -18.518      0.000
    L5_11              1.731      0.201      8.626      0.000
    L5_13              1.807      0.190      9.526      0.000
    L5_213             1.340      0.335      3.995      0.000
    L6_0              -2.586      0.179    -14.455      0.000
    L6_12              2.116      0.237      8.941      0.000
    L6_13              2.178      0.228      9.560      0.000
    L6_223             1.063      0.375      2.833      0.005
    L7_0              -3.821      0.545     -7.008      0.000
    L7_11              2.634      0.696      3.786      0.000
    L7_12              2.297      0.732      3.138      0.002
    L7_13              2.236      0.750      2.980      0.003
    L7_212             0.710      0.936      0.759      0.448
    L7_213             0.636      0.950      0.670      0.503
    L7_223             0.859      0.984      0.873      0.383
    L7_3123           -1.456      1.374     -1.059      0.289


RESULTS IN PROBABILITY SCALE

Latent Class 1

 X1
    Category 1         0.716      0.014     52.214      0.000
    Category 2         0.284      0.014     20.744      0.000
 X2
    Category 1         0.736      0.011     66.587      0.000
    Category 2         0.264      0.011     23.941      0.000
 X3
    Category 1         0.728      0.031     23.411      0.000
    Category 2         0.272      0.031      8.751      0.000
 X4
    Category 1         0.923      0.009    105.694      0.000
    Category 2         0.077      0.009      8.820      0.000
 X5
    Category 1         0.907      0.015     59.936      0.000
    Category 2         0.093      0.015      6.163      0.000
 X6
    Category 1         0.930      0.036     26.194      0.000
    Category 2         0.070      0.036      1.972      0.049
 X7
    Category 1         0.979      0.001    837.483      0.000
    Category 2         0.021      0.001     18.343      0.000

Latent Class 2

 X1
    Category 1         0.716      0.014     52.214      0.000
    Category 2         0.284      0.014     20.744      0.000
 X2
    Category 1         0.736      0.011     66.587      0.000
    Category 2         0.264      0.011     23.941      0.000
 X3
    Category 1         0.260      0.025     10.399      0.000
    Category 2         0.740      0.025     29.637      0.000
 X4
    Category 1         0.923      0.009    105.694      0.000
    Category 2         0.077      0.009      8.820      0.000
 X5
    Category 1         0.633      0.030     21.268      0.000
    Category 2         0.367      0.030     12.353      0.000
 X6
    Category 1         0.615      0.074      8.343      0.000
    Category 2         0.385      0.074      5.212      0.000
 X7
    Category 1         0.830      0.007    116.896      0.000
    Category 2         0.170      0.007     23.956      0.000

Latent Class 3

 X1
    Category 1         0.716      0.014     52.214      0.000
    Category 2         0.284      0.014     20.744      0.000
 X2
    Category 1         0.263      0.025     10.663      0.000
    Category 2         0.737      0.025     29.892      0.000
 X3
    Category 1         0.728      0.031     23.411      0.000
    Category 2         0.272      0.031      8.751      0.000
 X4
    Category 1         0.643      0.028     22.836      0.000
    Category 2         0.357      0.028     12.672      0.000
 X5
    Category 1         0.907      0.015     59.936      0.000
    Category 2         0.093      0.015      6.163      0.000
 X6
    Category 1         0.601      0.074      8.149      0.000
    Category 2         0.399      0.074      5.415      0.000
 X7
    Category 1         0.821      0.031     26.070      0.000
    Category 2         0.179      0.031      5.681      0.000

Latent Class 4

 X1
    Category 1         0.716      0.014     52.214      0.000
    Category 2         0.284      0.014     20.744      0.000
 X2
    Category 1         0.263      0.025     10.663      0.000
    Category 2         0.737      0.025     29.892      0.000
 X3
    Category 1         0.260      0.025     10.399      0.000
    Category 2         0.740      0.025     29.637      0.000
 X4
    Category 1         0.643      0.028     22.836      0.000
    Category 2         0.357      0.028     12.672      0.000
 X5
    Category 1         0.633      0.030     21.268      0.000
    Category 2         0.367      0.030     12.353      0.000
 X6
    Category 1         0.059      0.014      4.132      0.000
    Category 2         0.941      0.014     65.946      0.000
 X7
    Category 1         0.172      0.007     24.194      0.000
    Category 2         0.828      0.007    116.496      0.000

Latent Class 5

 X1
    Category 1         0.278      0.023     12.192      0.000
    Category 2         0.722      0.023     31.617      0.000
 X2
    Category 1         0.736      0.011     66.587      0.000
    Category 2         0.264      0.011     23.941      0.000
 X3
    Category 1         0.728      0.031     23.411      0.000
    Category 2         0.272      0.031      8.751      0.000
 X4
    Category 1         0.599      0.029     21.001      0.000
    Category 2         0.401      0.029     14.040      0.000
 X5
    Category 1         0.615      0.060     10.276      0.000
    Category 2         0.385      0.060      6.437      0.000
 X6
    Category 1         0.930      0.036     26.194      0.000
    Category 2         0.070      0.036      1.972      0.049
 X7
    Category 1         0.766      0.036     21.332      0.000
    Category 2         0.234      0.036      6.506      0.000

Latent Class 6

 X1
    Category 1         0.278      0.023     12.192      0.000
    Category 2         0.722      0.023     31.617      0.000
 X2
    Category 1         0.736      0.011     66.587      0.000
    Category 2         0.264      0.011     23.941      0.000
 X3
    Category 1         0.260      0.025     10.399      0.000
    Category 2         0.740      0.025     29.637      0.000
 X4
    Category 1         0.599      0.029     21.001      0.000
    Category 2         0.401      0.029     14.040      0.000
 X5
    Category 1         0.069      0.018      3.870      0.000
    Category 2         0.931      0.018     52.297      0.000
 X6
    Category 1         0.615      0.074      8.343      0.000
    Category 2         0.385      0.074      5.212      0.000
 X7
    Category 1         0.156      0.022      6.967      0.000
    Category 2         0.844      0.022     37.557      0.000

Latent Class 7

 X1
    Category 1         0.278      0.023     12.192      0.000
    Category 2         0.722      0.023     31.617      0.000
 X2
    Category 1         0.263      0.025     10.663      0.000
    Category 2         0.737      0.025     29.892      0.000
 X3
    Category 1         0.728      0.031     23.411      0.000
    Category 2         0.272      0.031      8.751      0.000
 X4
    Category 1         0.080      0.022      3.585      0.000
    Category 2         0.920      0.022     41.155      0.000
 X5
    Category 1         0.615      0.060     10.276      0.000
    Category 2         0.385      0.060      6.437      0.000
 X6
    Category 1         0.601      0.074      8.149      0.000
    Category 2         0.399      0.074      5.415      0.000
 X7
    Category 1         0.139      0.046      3.020      0.003
    Category 2         0.861      0.046     18.640      0.000

Latent Class 8

 X1
    Category 1         0.278      0.023     12.192      0.000
    Category 2         0.722      0.023     31.617      0.000
 X2
    Category 1         0.263      0.025     10.663      0.000
    Category 2         0.737      0.025     29.892      0.000
 X3
    Category 1         0.260      0.025     10.399      0.000
    Category 2         0.740      0.025     29.637      0.000
 X4
    Category 1         0.080      0.022      3.585      0.000
    Category 2         0.920      0.022     41.155      0.000
 X5
    Category 1         0.069      0.018      3.870      0.000
    Category 2         0.931      0.018     52.297      0.000
 X6
    Category 1         0.059      0.014      4.132      0.000
    Category 2         0.941      0.014     65.946      0.000
 X7
    Category 1         0.016      0.001     13.437      0.000
    Category 2         0.984      0.001    807.496      0.000


LATENT CLASS ODDS RATIO RESULTS

Latent Class 1 Compared to Latent Class 2

 X1
    Category > 1       1.000      0.000    999.000    999.000
 X2
    Category > 1       1.000      0.000    999.000    999.000
 X3
    Category > 1       0.131      0.026      5.066      0.000
 X4
    Category > 1       1.000      0.000    999.000    999.000
 X5
    Category > 1       0.177      0.042      4.225      0.000
 X6
    Category > 1       0.121      0.090      1.333      0.183
 X7
    Category > 1       0.107      0.008     13.207      0.000

Latent Class 1 Compared to Latent Class 3

 X1
    Category > 1       1.000      0.000    999.000    999.000
 X2
    Category > 1       0.128      0.018      7.184      0.000
 X3
    Category > 1       1.000      0.000    999.000    999.000
 X4
    Category > 1       0.150      0.026      5.850      0.000
 X5
    Category > 1       1.000      0.000    999.000    999.000
 X6
    Category > 1       0.113      0.083      1.366      0.172
 X7
    Category > 1       0.101      0.021      4.755      0.000

Latent Class 1 Compared to Latent Class 4

 X1
    Category > 1       1.000      0.000    999.000    999.000
 X2
    Category > 1       0.128      0.018      7.184      0.000
 X3
    Category > 1       0.131      0.026      5.066      0.000
 X4
    Category > 1       0.150      0.026      5.850      0.000
 X5
    Category > 1       0.177      0.042      4.225      0.000
 X6
    Category > 1       0.005      0.003      1.747      0.081
 X7
    Category > 1       0.005      0.000     13.620      0.000

Latent Class 1 Compared to Latent Class 5

 X1
    Category > 1       0.153      0.018      8.309      0.000
 X2
    Category > 1       1.000      0.000    999.000    999.000
 X3
    Category > 1       1.000      0.000    999.000    999.000
 X4
    Category > 1       0.125      0.024      5.272      0.000
 X5
    Category > 1       0.164      0.051      3.198      0.001
 X6
    Category > 1       1.000      0.000    999.000    999.000
 X7
    Category > 1       0.072      0.014      5.148      0.000

Latent Class 1 Compared to Latent Class 6

 X1
    Category > 1       0.153      0.018      8.309      0.000
 X2
    Category > 1       1.000      0.000    999.000    999.000
 X3
    Category > 1       0.131      0.026      5.066      0.000
 X4
    Category > 1       0.125      0.024      5.272      0.000
 X5
    Category > 1       0.008      0.002      3.261      0.001
 X6
    Category > 1       0.121      0.090      1.333      0.183
 X7
    Category > 1       0.004      0.001      5.640      0.000

Latent Class 1 Compared to Latent Class 7

 X1
    Category > 1       0.153      0.018      8.309      0.000
 X2
    Category > 1       0.128      0.018      7.184      0.000
 X3
    Category > 1       1.000      0.000    999.000    999.000
 X4
    Category > 1       0.007      0.002      3.107      0.002
 X5
    Category > 1       0.164      0.051      3.198      0.001
 X6
    Category > 1       0.113      0.083      1.366      0.172
 X7
    Category > 1       0.004      0.001      2.596      0.009

Latent Class 1 Compared to Latent Class 8

 X1
    Category > 1       0.153      0.018      8.309      0.000
 X2
    Category > 1       0.128      0.018      7.184      0.000
 X3
    Category > 1       0.131      0.026      5.066      0.000
 X4
    Category > 1       0.007      0.002      3.107      0.002
 X5
    Category > 1       0.008      0.002      3.261      0.001
 X6
    Category > 1       0.005      0.003      1.747      0.081
 X7
    Category > 1       0.000      0.000      9.094      0.000

Latent Class 2 Compared to Latent Class 3

 X1
    Category > 1       1.000      0.000    999.000    999.000
 X2
    Category > 1       0.128      0.018      7.184      0.000
 X3
    Category > 1       7.625      1.505      5.066      0.000
 X4
    Category > 1       0.150      0.026      5.850      0.000
 X5
    Category > 1       5.648      1.337      4.225      0.000
 X6
    Category > 1       0.940      0.365      2.574      0.010
 X7
    Category > 1       0.941      0.199      4.728      0.000

Latent Class 2 Compared to Latent Class 4

 X1
    Category > 1       1.000      0.000    999.000    999.000
 X2
    Category > 1       0.128      0.018      7.184      0.000
 X3
    Category > 1       1.000      0.000    999.000    999.000
 X4
    Category > 1       0.150      0.026      5.850      0.000
 X5
    Category > 1       1.000      0.000    999.000    999.000
 X6
    Category > 1       0.039      0.017      2.324      0.020
 X7
    Category > 1       0.043      0.003     14.050      0.000

Latent Class 2 Compared to Latent Class 5

 X1
    Category > 1       0.153      0.018      8.309      0.000
 X2
    Category > 1       1.000      0.000    999.000    999.000
 X3
    Category > 1       7.625      1.505      5.066      0.000
 X4
    Category > 1       0.125      0.024      5.272      0.000
 X5
    Category > 1       0.927      0.231      4.013      0.000
 X6
    Category > 1       8.299      6.227      1.333      0.183
 X7
    Category > 1       0.672      0.137      4.905      0.000

Latent Class 2 Compared to Latent Class 6

 X1
    Category > 1       0.153      0.018      8.309      0.000
 X2
    Category > 1       1.000      0.000    999.000    999.000
 X3
    Category > 1       1.000      0.000    999.000    999.000
 X4
    Category > 1       0.125      0.024      5.272      0.000
 X5
    Category > 1       0.043      0.013      3.398      0.001
 X6
    Category > 1       1.000      0.000    999.000    999.000
 X7
    Category > 1       0.038      0.006      5.999      0.000

Latent Class 2 Compared to Latent Class 7

 X1
    Category > 1       0.153      0.018      8.309      0.000
 X2
    Category > 1       0.128      0.018      7.184      0.000
 X3
    Category > 1       7.625      1.505      5.066      0.000
 X4
    Category > 1       0.007      0.002      3.107      0.002
 X5
    Category > 1       0.927      0.231      4.013      0.000
 X6
    Category > 1       0.940      0.365      2.574      0.010
 X7
    Category > 1       0.033      0.013      2.584      0.010

Latent Class 2 Compared to Latent Class 8

 X1
    Category > 1       0.153      0.018      8.309      0.000
 X2
    Category > 1       0.128      0.018      7.184      0.000
 X3
    Category > 1       1.000      0.000    999.000    999.000
 X4
    Category > 1       0.007      0.002      3.107      0.002
 X5
    Category > 1       0.043      0.013      3.398      0.001
 X6
    Category > 1       0.039      0.017      2.324      0.020
 X7
    Category > 1       0.003      0.000      9.775      0.000

Latent Class 3 Compared to Latent Class 4

 X1
    Category > 1       1.000      0.000    999.000    999.000
 X2
    Category > 1       1.000      0.000    999.000    999.000
 X3
    Category > 1       0.131      0.026      5.066      0.000
 X4
    Category > 1       1.000      0.000    999.000    999.000
 X5
    Category > 1       0.177      0.042      4.225      0.000
 X6
    Category > 1       0.042      0.017      2.477      0.013
 X7
    Category > 1       0.045      0.010      4.594      0.000

Latent Class 3 Compared to Latent Class 5

 X1
    Category > 1       0.153      0.018      8.309      0.000
 X2
    Category > 1       7.797      1.085      7.184      0.000
 X3
    Category > 1       1.000      0.000    999.000    999.000
 X4
    Category > 1       0.830      0.127      6.556      0.000
 X5
    Category > 1       0.164      0.051      3.198      0.001
 X6
    Category > 1       8.826      6.462      1.366      0.172
 X7
    Category > 1       0.714      0.198      3.613      0.000

Latent Class 3 Compared to Latent Class 6

 X1
    Category > 1       0.153      0.018      8.309      0.000
 X2
    Category > 1       7.797      1.085      7.184      0.000
 X3
    Category > 1       0.131      0.026      5.066      0.000
 X4
    Category > 1       0.830      0.127      6.556      0.000
 X5
    Category > 1       0.008      0.002      3.261      0.001
 X6
    Category > 1       1.064      0.413      2.574      0.010
 X7
    Category > 1       0.040      0.011      3.816      0.000

Latent Class 3 Compared to Latent Class 7

 X1
    Category > 1       0.153      0.018      8.309      0.000
 X2
    Category > 1       1.000      0.000    999.000    999.000
 X3
    Category > 1       1.000      0.000    999.000    999.000
 X4
    Category > 1       0.048      0.015      3.229      0.001
 X5
    Category > 1       0.164      0.051      3.198      0.001
 X6
    Category > 1       1.000      0.000    999.000    999.000
 X7
    Category > 1       0.035      0.016      2.230      0.026

Latent Class 3 Compared to Latent Class 8

 X1
    Category > 1       0.153      0.018      8.309      0.000
 X2
    Category > 1       1.000      0.000    999.000    999.000
 X3
    Category > 1       0.131      0.026      5.066      0.000
 X4
    Category > 1       0.048      0.015      3.229      0.001
 X5
    Category > 1       0.008      0.002      3.261      0.001
 X6
    Category > 1       0.042      0.017      2.477      0.013
 X7
    Category > 1       0.004      0.001      3.964      0.000

Latent Class 4 Compared to Latent Class 5

 X1
    Category > 1       0.153      0.018      8.309      0.000
 X2
    Category > 1       7.797      1.085      7.184      0.000
 X3
    Category > 1       7.625      1.505      5.066      0.000
 X4
    Category > 1       0.830      0.127      6.556      0.000
 X5
    Category > 1       0.927      0.231      4.013      0.000
 X6
    Category > 1     212.011    121.329      1.747      0.081
 X7
    Category > 1      15.788      3.064      5.152      0.000

Latent Class 4 Compared to Latent Class 6

 X1
    Category > 1       0.153      0.018      8.309      0.000
 X2
    Category > 1       7.797      1.085      7.184      0.000
 X3
    Category > 1       1.000      0.000    999.000    999.000
 X4
    Category > 1       0.830      0.127      6.556      0.000
 X5
    Category > 1       0.043      0.013      3.398      0.001
 X6
    Category > 1      25.548     10.993      2.324      0.020
 X7
    Category > 1       0.893      0.148      6.041      0.000

Latent Class 4 Compared to Latent Class 7

 X1
    Category > 1       0.153      0.018      8.309      0.000
 X2
    Category > 1       1.000      0.000    999.000    999.000
 X3
    Category > 1       7.625      1.505      5.066      0.000
 X4
    Category > 1       0.048      0.015      3.229      0.001
 X5
    Category > 1       0.927      0.231      4.013      0.000
 X6
    Category > 1      24.022      9.700      2.477      0.013
 X7
    Category > 1       0.780      0.299      2.609      0.009

Latent Class 4 Compared to Latent Class 8

 X1
    Category > 1       0.153      0.018      8.309      0.000
 X2
    Category > 1       1.000      0.000    999.000    999.000
 X3
    Category > 1       1.000      0.000    999.000    999.000
 X4
    Category > 1       0.048      0.015      3.229      0.001
 X5
    Category > 1       0.043      0.013      3.398      0.001
 X6
    Category > 1       1.000      0.000    999.000    999.000
 X7
    Category > 1       0.080      0.008      9.575      0.000

Latent Class 5 Compared to Latent Class 6

 X1
    Category > 1       1.000      0.000    999.000    999.000
 X2
    Category > 1       1.000      0.000    999.000    999.000
 X3
    Category > 1       0.131      0.026      5.066      0.000
 X4
    Category > 1       1.000      0.000    999.000    999.000
 X5
    Category > 1       0.046      0.018      2.589      0.010
 X6
    Category > 1       0.121      0.090      1.333      0.183
 X7
    Category > 1       0.057      0.014      4.036      0.000

Latent Class 5 Compared to Latent Class 7

 X1
    Category > 1       1.000      0.000    999.000    999.000
 X2
    Category > 1       0.128      0.018      7.184      0.000
 X3
    Category > 1       1.000      0.000    999.000    999.000
 X4
    Category > 1       0.058      0.018      3.305      0.001
 X5
    Category > 1       1.000      0.000    999.000    999.000
 X6
    Category > 1       0.113      0.083      1.366      0.172
 X7
    Category > 1       0.049      0.021      2.300      0.021

Latent Class 5 Compared to Latent Class 8

 X1
    Category > 1       1.000      0.000    999.000    999.000
 X2
    Category > 1       0.128      0.018      7.184      0.000
 X3
    Category > 1       0.131      0.026      5.066      0.000
 X4
    Category > 1       0.058      0.018      3.305      0.001
 X5
    Category > 1       0.046      0.018      2.589      0.010
 X6
    Category > 1       0.005      0.003      1.747      0.081
 X7
    Category > 1       0.005      0.001      4.090      0.000

Latent Class 6 Compared to Latent Class 7

 X1
    Category > 1       1.000      0.000    999.000    999.000
 X2
    Category > 1       0.128      0.018      7.184      0.000
 X3
    Category > 1       7.625      1.505      5.066      0.000
 X4
    Category > 1       0.058      0.018      3.305      0.001
 X5
    Category > 1      21.573      8.332      2.589      0.010
 X6
    Category > 1       0.940      0.365      2.574      0.010
 X7
    Category > 1       0.873      0.360      2.429      0.015

Latent Class 6 Compared to Latent Class 8

 X1
    Category > 1       1.000      0.000    999.000    999.000
 X2
    Category > 1       0.128      0.018      7.184      0.000
 X3
    Category > 1       1.000      0.000    999.000    999.000
 X4
    Category > 1       0.058      0.018      3.305      0.001
 X5
    Category > 1       1.000      0.000    999.000    999.000
 X6
    Category > 1       0.039      0.017      2.324      0.020
 X7
    Category > 1       0.090      0.019      4.711      0.000

Latent Class 7 Compared to Latent Class 8

 X1
    Category > 1       1.000      0.000    999.000    999.000
 X2
    Category > 1       1.000      0.000    999.000    999.000
 X3
    Category > 1       0.131      0.026      5.066      0.000
 X4
    Category > 1       1.000      0.000    999.000    999.000
 X5
    Category > 1       0.046      0.018      2.589      0.010
 X6
    Category > 1       0.042      0.017      2.477      0.013
 X7
    Category > 1       0.103      0.041      2.521      0.012


QUALITY OF NUMERICAL RESULTS

     Condition Number for the Information Matrix              0.103E-03
       (ratio of smallest to largest eigenvalue)


TECHNICAL 10 OUTPUT


     MODEL FIT INFORMATION FOR THE LATENT CLASS INDICATOR MODEL PART


     RESPONSE PATTERNS

     No.  Pattern    No.  Pattern    No.  Pattern    No.  Pattern
       1  0010100      2  0000000      3  0011000      4  1010110
       5  0111111      6  1101111      7  0101000      8  0000101
       9  1110011     10  1101000     11  0010010     12  1001111
      13  1000000     14  0000100     15  0100110     16  1111101
      17  1111111     18  1100000     19  0100000     20  0010101
      21  1011111     22  1001100     23  1010101     24  0110011
      25  1001001     26  0001111     27  1000101     28  0101001
      29  0101010     30  0100111     31  1100011     32  0010011
      33  1101101     34  1001000     35  0011101     36  0100010
      37  0011110     38  1111011     39  1011001     40  1101001
      41  1010111     42  1010010     43  1111110     44  1000100
      45  1100001     46  1010000     47  0011010     48  0001000
      49  0001101     50  1110111     51  0010001     52  0110000
      53  1001110     54  0001001     55  0010110     56  0010000
      57  1001101     58  0110111     59  0011011     60  0111011
      61  1100100     62  0101111     63  1111001     64  0100100
      65  0000011     66  1001011     67  0000010     68  1110010
      69  1110101     70  0110101     71  0101011     72  1110001
      73  0110010     74  1110110     75  0011111     76  1111000
      77  0111101     78  1010011     79  0011100     80  0110001
      81  0010111     82  1011100     83  0100011     84  0110110
      85  1101011     86  1011101     87  0001011     88  1000010
      89  1000001     90  1110000     91  1010100     92  1000111
      93  1101100     94  0100001     95  0101100     96  0000001
      97  1100111     98  1101110     99  0000111    100  1010001
     101  1000011    102  0110100    103  0000110    104  0111110
     105  1100010    106  1011010    107  1011011    108  1110100
     109  1001010    110  1000110    111  0111010    112  1011000
     113  1111010    114  1101010    115  0011001    116  0001100
     117  0111100    118  0101110    119  0001010    120  0101101
     121  1100101    122  1100110    123  0111000    124  0100101
     125  1111100    126  0111001    127  1011110    128  0001110



     RESPONSE PATTERN FREQUENCIES AND CHI-SQUARE CONTRIBUTIONS

    Response          Frequency     Standardized  Chi-square Contribution
     Pattern    Observed  Estimated   Residual    Pearson   Loglikelihood  Deleted
                                     (z-score)
         1        91.00      97.77      -0.69       0.47       -13.06
         2       810.00     797.69       0.45       0.19        24.82
         3        45.00      48.05      -0.44       0.19        -5.90
         4        32.00      30.16       0.34       0.11         3.79
         5       316.00     315.76       0.01       0.00         0.48
         6       301.00     297.44       0.21       0.04         7.15
         7       114.00     100.65       1.34       1.77        28.40
         8        22.00      28.14      -1.16       1.34       -10.83
         9        65.00      56.39       1.15       1.31        18.46
        10        72.00      72.84      -0.10       0.01        -1.67
        11        87.00      97.07      -1.03       1.04       -19.05
        12       116.00     119.78      -0.35       0.12        -7.44
        13       362.00     395.31      -1.71       2.81       -63.74
        14       121.00     118.79       0.20       0.04         4.46
        15        26.00      20.19       1.29       1.67        13.15
        16        95.00      94.52       0.05       0.00         0.96
        17       724.00     740.10      -0.62       0.35       -31.85
        18       174.00     183.38      -0.70       0.48       -18.27
        19       387.00     387.93      -0.05       0.00        -1.86
        20        54.00      55.46      -0.20       0.04        -2.88
        21       313.00     301.07       0.70       0.47        24.32
        22        50.00      50.47      -0.07       0.00        -0.93
        23       117.00     114.40       0.24       0.06         5.26
        24       119.00     123.51      -0.41       0.16        -8.85
        25        57.00      60.35      -0.43       0.19        -6.52
        26        48.00      50.40      -0.34       0.11        -4.68
        27        66.00      57.93       1.06       1.12        17.21
        28        63.00      58.77       0.55       0.30         8.75
        29        41.00      54.02      -1.78       3.14       -22.62
        30        33.00      37.80      -0.78       0.61        -8.97
        31        28.00      31.50      -0.62       0.39        -6.59
        32        48.00      56.62      -1.15       1.31       -15.86
        33        95.00      93.25       0.18       0.03         3.54
        34       104.00     100.48       0.35       0.12         7.16
        35        45.00      38.82       0.99       0.98        13.28
        36       117.00     111.68       0.51       0.25        10.89
        37        15.00      11.54       1.02       1.04         7.87
        38        88.00     103.89      -1.57       2.43       -29.21
        39        23.00      28.89      -1.10       1.20       -10.49
        40       119.00     117.52       0.14       0.02         2.98
        41        95.00      97.19      -0.22       0.05        -4.33
        42        53.00      41.61       1.77       3.12        25.66
        43        16.00      21.32      -1.15       1.33        -9.19
        44       106.00     101.60       0.44       0.19         8.99
        45        35.00      34.04       0.16       0.03         1.94
        46       185.00     181.19       0.29       0.08         7.69
        47        17.00      18.18      -0.28       0.08        -2.29
        48       116.00     109.04       0.67       0.44        14.36
        49        26.00      25.79       0.04       0.00         0.42
        50       118.00     111.16       0.65       0.42        14.09
        51        48.00      37.84       1.65       2.73        22.82
        52       189.00     175.42       1.03       1.05        28.18
        53         8.00      11.09      -0.93       0.86        -5.22
        54        27.00      29.41      -0.45       0.20        -4.62
        55        41.00      46.73      -0.84       0.70       -10.72
        56       396.00     379.76       0.85       0.69        33.17
        57        75.00      64.16       1.36       1.83        23.42
        58       106.00      99.39       0.67       0.44        13.65
        59        44.00      35.92       1.35       1.82        17.85
        60        93.00      94.76      -0.18       0.03        -3.50
        61        44.00      41.53       0.38       0.15         5.08
        62       125.00     126.06      -0.09       0.01        -2.10
        63        48.00      49.79      -0.25       0.06        -3.52
        64        56.00      53.58       0.33       0.11         4.95
        65        16.00      27.43      -2.18       4.76       -17.24
        66        35.00      37.79      -0.45       0.21        -5.36
        67        90.00     105.17      -1.49       2.19       -28.04
        68        31.00      33.10      -0.37       0.13        -4.07
        69        49.00      47.98       0.15       0.02         2.07
        70        25.00      26.23      -0.24       0.06        -2.41
        71        73.00      64.34       1.08       1.16        18.43
        72        17.00      20.02      -0.68       0.46        -5.56
        73        72.00      79.76      -0.87       0.76       -14.74
        74        24.00      17.51       1.55       2.40        15.13
        75       128.00     127.36       0.06       0.00         1.28
        76        33.00      28.80       0.78       0.61         8.99
        77        41.00      39.07       0.31       0.10         3.95
        78        21.00      29.12      -1.51       2.26       -13.72
        79        20.00      18.72       0.30       0.09         2.66
        80        29.00      28.97       0.01       0.00         0.06
        81        62.00      62.77      -0.10       0.01        -1.53
        82        29.00      31.52      -0.45       0.20        -4.84
        83        75.00      60.40       1.88       3.53        32.48
        84        34.00      31.29       0.48       0.23         5.65
        85       101.00      99.40       0.16       0.03         3.22
        86        88.00      96.40      -0.86       0.73       -16.05
        87        29.00      24.18       0.98       0.96        10.55
        88        55.00      48.18       0.99       0.97        14.57
        89        47.00      46.30       0.10       0.01         1.41
        90        80.00      81.00      -0.11       0.01        -1.98
        91        64.00      72.90      -1.05       1.09       -16.67
        92        41.00      36.65       0.72       0.52         9.19
        93        31.00      29.78       0.22       0.05         2.48
        94        37.00      43.00      -0.92       0.84       -11.12
        95        15.00      19.45      -1.01       1.02        -7.80
        96        45.00      44.57       0.06       0.00         0.87
        97        40.00      43.26      -0.50       0.25        -6.26
        98        21.00      15.96       1.26       1.59        11.52
        99        21.00      23.54      -0.52       0.27        -4.80
       100        36.00      31.27       0.85       0.72        10.15
       101        17.00      16.33       0.17       0.03         1.37
       102        35.00      39.86      -0.77       0.59        -9.10
       103        27.00      24.98       0.40       0.16         4.20
       104        20.00      16.72       0.80       0.65         7.18
       105        56.00      47.40       1.25       1.56        18.68
       106         7.00      10.68      -1.13       1.27        -5.91
       107        54.00      40.58       2.11       4.44        30.86
       108        32.00      28.38       0.68       0.46         7.68
       109        25.00      17.89       1.68       2.82        16.73
       110        24.00      17.33       1.60       2.57        15.63
       111        31.00      33.03      -0.35       0.12        -3.93
       112        38.00      41.15      -0.49       0.24        -6.05
       113        19.00      18.05       0.22       0.05         1.96
       114        31.00      32.55      -0.27       0.07        -3.02
       115        11.00      15.60      -1.17       1.36        -7.69
       116        28.00      27.83       0.03       0.00         0.34
       117         8.00      10.82      -0.86       0.74        -4.83
       118        14.00      12.46       0.44       0.19         3.26
       119        23.00      26.14      -0.61       0.38        -5.89
       120        33.00      37.96      -0.81       0.65        -9.25
       121        22.00      28.25      -1.18       1.38       -11.01
       122         8.00      11.39      -1.01       1.01        -5.65
       123        31.00      40.86      -1.55       2.38       -17.12
       124        10.00      15.91      -1.48       2.20        -9.29
       125        15.00      16.37      -0.34       0.11        -2.62
       126        35.00      27.45       1.44       2.08        17.01
       127        19.00      16.36       0.65       0.43         5.68
       128         2.00       7.58      -2.03       4.11        -5.33

     THE TOTAL PEARSON CHI-SQUARE CONTRIBUTION FROM EMPTY CELLS IS         0.00


     UNIVARIATE MODEL FIT INFORMATION

                               Estimated Probabilities
                                                  Standardized
     Variable              H1           H0          Residual
                                                   (z-score)
     X1
       Category 1        0.501        0.501           0.000
       Category 2        0.499        0.499           0.000
       Univariate Pearson Chi-Square                  0.000
       Univariate Log-Likelihood Chi-Square           0.000
     X2
       Category 1        0.496        0.496           0.000
       Category 2        0.503        0.504           0.000
       Univariate Pearson Chi-Square                  0.000
       Univariate Log-Likelihood Chi-Square           0.000
     X3
       Category 1        0.504        0.504           0.000
       Category 2        0.496        0.496           0.000
       Univariate Pearson Chi-Square                  0.000
       Univariate Log-Likelihood Chi-Square           0.000
     X4
       Category 1        0.547        0.547           0.000
       Category 2        0.453        0.453           0.000
       Univariate Pearson Chi-Square                  0.000
       Univariate Log-Likelihood Chi-Square           0.000
     X5
       Category 1        0.547        0.547           0.000
       Category 2        0.453        0.453           0.000
       Univariate Pearson Chi-Square                  0.000
       Univariate Log-Likelihood Chi-Square           0.000
     X6
       Category 1        0.542        0.542           0.000
       Category 2        0.458        0.458           0.000
       Univariate Pearson Chi-Square                  0.000
       Univariate Log-Likelihood Chi-Square           0.000
     X7
       Category 1        0.497        0.497          -0.061
       Category 2        0.503        0.503           0.061
       Univariate Pearson Chi-Square                  0.004
       Univariate Log-Likelihood Chi-Square           0.004

       Overall Univariate Pearson Chi-Square                         0.004
       Overall Univariate Log-Likelihood Chi-Square                  0.004


     BIVARIATE MODEL FIT INFORMATION

                                              Estimated Probabilities
                                                                 Standardized
     Variable       Variable              H1           H0          Residual
                                                                  (z-score)
     X1             X2
       Category 1     Category 1        0.260        0.262          -0.361
       Category 1     Category 2        0.240        0.239           0.372
       Category 2     Category 1        0.236        0.235           0.375
       Category 2     Category 2        0.263        0.265          -0.360
       Bivariate Pearson Chi-Square                                  0.405
       Bivariate Log-Likelihood Chi-Square                           0.405
     X1             X3
       Category 1     Category 1        0.267        0.267          -0.110
       Category 1     Category 2        0.234        0.233           0.115
       Category 2     Category 1        0.237        0.236           0.115
       Category 2     Category 2        0.263        0.263          -0.111
       Bivariate Pearson Chi-Square                                  0.038
       Bivariate Log-Likelihood Chi-Square                           0.038
     X1             X4
       Category 1     Category 1        0.333        0.334          -0.217
       Category 1     Category 2        0.168        0.167           0.275
       Category 2     Category 1        0.214        0.213           0.250
       Category 2     Category 2        0.285        0.286          -0.227
       Bivariate Pearson Chi-Square                                  0.180
       Bivariate Log-Likelihood Chi-Square                           0.180
     X1             X5
       Category 1     Category 1        0.336        0.334           0.441
       Category 1     Category 2        0.165        0.167          -0.557
       Category 2     Category 1        0.212        0.214          -0.507
       Category 2     Category 2        0.288        0.286           0.460
       Bivariate Pearson Chi-Square                                  0.741
       Bivariate Log-Likelihood Chi-Square                           0.742
     X1             X6
       Category 1     Category 1        0.301        0.298           0.739
       Category 1     Category 2        0.199        0.203          -0.840
       Category 2     Category 1        0.241        0.244          -0.786
       Category 2     Category 2        0.259        0.255           0.775
       Bivariate Pearson Chi-Square                                  1.861
       Bivariate Log-Likelihood Chi-Square                           1.863
     X1             X7
       Category 1     Category 1        0.312        0.312          -0.081
       Category 1     Category 2        0.189        0.188           0.096
       Category 2     Category 1        0.185        0.185           0.019
       Category 2     Category 2        0.315        0.315          -0.016
       Bivariate Pearson Chi-Square                                  0.012
       Bivariate Log-Likelihood Chi-Square                           0.012
     X2             X3
       Category 1     Category 1        0.264        0.265          -0.301
       Category 1     Category 2        0.233        0.231           0.315
       Category 2     Category 1        0.240        0.238           0.312
       Category 2     Category 2        0.264        0.265          -0.301
       Bivariate Pearson Chi-Square                                  0.284
       Bivariate Log-Likelihood Chi-Square                           0.284
     X2             X4
       Category 1     Category 1        0.330        0.332          -0.462
       Category 1     Category 2        0.167        0.164           0.588
       Category 2     Category 1        0.217        0.215           0.530
       Category 2     Category 2        0.286        0.288          -0.481
       Bivariate Pearson Chi-Square                                  0.816
       Bivariate Log-Likelihood Chi-Square                           0.815
     X2             X5
       Category 1     Category 1        0.297        0.298          -0.192
       Category 1     Category 2        0.199        0.199           0.220
       Category 2     Category 1        0.250        0.249           0.203
       Category 2     Category 2        0.253        0.254          -0.202
       Bivariate Pearson Chi-Square                                  0.126
       Bivariate Log-Likelihood Chi-Square                           0.126
     X2             X6
       Category 1     Category 1        0.335        0.335           0.093
       Category 1     Category 2        0.161        0.162          -0.120
       Category 2     Category 1        0.207        0.207          -0.109
       Category 2     Category 2        0.297        0.296           0.096
       Bivariate Pearson Chi-Square                                  0.034
       Bivariate Log-Likelihood Chi-Square                           0.034
     X2             X7
       Category 1     Category 1        0.309        0.310          -0.280
       Category 1     Category 2        0.188        0.186           0.332
       Category 2     Category 1        0.188        0.187           0.254
       Category 2     Category 2        0.316        0.317          -0.213
       Bivariate Pearson Chi-Square                                  0.228
       Bivariate Log-Likelihood Chi-Square                           0.227
     X3             X4
       Category 1     Category 1        0.302        0.304          -0.504
       Category 1     Category 2        0.202        0.199           0.580
       Category 2     Category 1        0.245        0.243           0.540
       Category 2     Category 2        0.251        0.253          -0.533
       Bivariate Pearson Chi-Square                                  0.878
       Bivariate Log-Likelihood Chi-Square                           0.878
     X3             X5
       Category 1     Category 1        0.338        0.339          -0.099
       Category 1     Category 2        0.166        0.165           0.126
       Category 2     Category 1        0.209        0.209           0.115
       Category 2     Category 2        0.287        0.288          -0.103
       Bivariate Pearson Chi-Square                                  0.038
       Bivariate Log-Likelihood Chi-Square                           0.038
     X3             X6
       Category 1     Category 1        0.337        0.338          -0.142
       Category 1     Category 2        0.167        0.166           0.180
       Category 2     Category 1        0.205        0.205           0.166
       Category 2     Category 2        0.291        0.292          -0.148
       Bivariate Pearson Chi-Square                                  0.078
       Bivariate Log-Likelihood Chi-Square                           0.078
     X3             X7
       Category 1     Category 1        0.316        0.315           0.079
       Category 1     Category 2        0.188        0.188          -0.093
       Category 2     Category 1        0.181        0.182          -0.173
       Category 2     Category 2        0.316        0.315           0.144
       Bivariate Pearson Chi-Square                                  0.050
       Bivariate Log-Likelihood Chi-Square                           0.050
     X4             X5
       Category 1     Category 1        0.383        0.383          -0.122
       Category 1     Category 2        0.165        0.164           0.160
       Category 2     Category 1        0.165        0.164           0.160
       Category 2     Category 2        0.288        0.289          -0.131
       Bivariate Pearson Chi-Square                                  0.065
       Bivariate Log-Likelihood Chi-Square                           0.064
     X4             X6
       Category 1     Category 1        0.379        0.380          -0.111
       Category 1     Category 2        0.168        0.168           0.145
       Category 2     Category 1        0.163        0.162           0.147
       Category 2     Category 2        0.290        0.290          -0.119
       Bivariate Pearson Chi-Square                                  0.053
       Bivariate Log-Likelihood Chi-Square                           0.053
     X4             X7
       Category 1     Category 1        0.391        0.390           0.192
       Category 1     Category 2        0.156        0.157          -0.257
       Category 2     Category 1        0.106        0.107          -0.401
       Category 2     Category 2        0.347        0.346           0.260
       Bivariate Pearson Chi-Square                                  0.266
       Bivariate Log-Likelihood Chi-Square                           0.266
     X5             X6
       Category 1     Category 1        0.381        0.380           0.323
       Category 1     Category 2        0.166        0.168          -0.419
       Category 2     Category 1        0.161        0.162          -0.425
       Category 2     Category 2        0.292        0.290           0.345
       Bivariate Pearson Chi-Square                                  0.446
       Bivariate Log-Likelihood Chi-Square                           0.447
     X5             X7
       Category 1     Category 1        0.389        0.390          -0.144
       Category 1     Category 2        0.158        0.158           0.193
       Category 2     Category 1        0.108        0.107           0.130
       Category 2     Category 2        0.345        0.345          -0.084
       Bivariate Pearson Chi-Square                                  0.064
       Bivariate Log-Likelihood Chi-Square                           0.064
     X6             X7
       Category 1     Category 1        0.388        0.388          -0.039
       Category 1     Category 2        0.154        0.154           0.053
       Category 2     Category 1        0.109        0.109          -0.036
       Category 2     Category 2        0.349        0.349           0.023
       Bivariate Pearson Chi-Square                                  0.005
       Bivariate Log-Likelihood Chi-Square                           0.005

       Overall Bivariate Pearson Chi-Square                          6.667
       Overall Bivariate Log-Likelihood Chi-Square                   6.669


SAVEDATA INFORMATION

  Order and format of variables

    X1         F10.5
    X2         F10.5
    X3         F10.5
    X4         F10.5
    X5         F10.5
    X6         F10.5
    X7         F10.5
    CPROB1     F10.5
    CPROB2     F10.5
    CPROB3     F10.5
    CPROB4     F10.5
    CPROB5     F10.5
    CPROB6     F10.5
    CPROB7     F10.5
    CPROB8     F10.5
    C          F10.5

  Save file
    respondent_ex9.2.dat

  Save file format
    16F10.5

  Save file record length    5000


     Beginning Time:  15:49:19
        Ending Time:  15:49:46
       Elapsed Time:  00:00:27



MUTHEN & MUTHEN
3463 Stoner Ave.
Los Angeles, CA  90066

Tel: (310) 391-9971
Fax: (310) 391-8971
Web: www.StatModel.com
Support: Support@StatModel.com

Copyright (c) 1998-2008 Muthen & Muthen
